<?xml version="1.0" encoding="UTF-8"?>
<!-- Generated by org.testng.reporters.JUnitXMLReporter -->
<testsuite hostname="HPS177-pc" name="Default test" tests="1" failures="0" timestamp="7 Jan 2020 10:59:17 GMT" time="0.028" errors="0">
  <testcase name="@BeforeTest initGlobalVar" time="0.0" classname="com.hrm.scripts.CreateEmployee">
    <failure type="java.lang.NumberFormatException" message="For input string: &amp;quot;&amp;quot;">
      <![CDATA[java.lang.NumberFormatException: For input string: ""
	at java.lang.NumberFormatException.forInputString(Unknown Source)
	at java.lang.Long.parseLong(Unknown Source)
	at java.lang.Long.parseLong(Unknown Source)
	at com.hrm.base.BaseTest.initGlobalVar(BaseTest.java:74)
	at sun.reflect.NativeMethodAccessorImpl.invoke0(Native Method)
	at sun.reflect.NativeMethodAccessorImpl.invoke(Unknown Source)
	at sun.reflect.DelegatingMethodAccessorImpl.invoke(Unknown Source)
	at java.lang.reflect.Method.invoke(Unknown Source)
	at org.testng.internal.MethodInvocationHelper.invokeMethod(MethodInvocationHelper.java:86)
	at org.testng.internal.Invoker.invokeConfigurationMethod(Invoker.java:514)
	at org.testng.internal.Invoker.invokeConfigurations(Invoker.java:215)
	at org.testng.internal.Invoker.invokeConfigurations(Invoker.java:142)
	at org.testng.TestRunner.beforeRun(TestRunner.java:656)
	at org.testng.TestRunner.run(TestRunner.java:624)
	at org.testng.SuiteRunner.runTest(SuiteRunner.java:366)
	at org.testng.SuiteRunner.runSequentially(SuiteRunner.java:361)
	at org.testng.SuiteRunner.privateRun(SuiteRunner.java:319)
	at org.testng.SuiteRunner.run(SuiteRunner.java:268)
	at org.testng.SuiteRunnerWorker.runSuite(SuiteRunnerWorker.java:52)
	at org.testng.SuiteRunnerWorker.run(SuiteRunnerWorker.java:86)
	at org.testng.TestNG.runSuitesSequentially(TestNG.java:1244)
	at org.testng.TestNG.runSuitesLocally(TestNG.java:1169)
	at org.testng.TestNG.run(TestNG.java:1064)
	at org.testng.remote.RemoteTestNG.run(RemoteTestNG.java:113)
	at org.testng.remote.RemoteTestNG.initAndRun(RemoteTestNG.java:206)
	at org.testng.remote.RemoteTestNG.main(RemoteTestNG.java:177)
]]>
    </failure>
  </testcase> <!-- @BeforeTest initGlobalVar -->
  <testcase name="@BeforeClass initApplication" time="0.0" classname="com.hrm.scripts.CreateEmployee">
    <skipped/>
  </testcase> <!-- @BeforeClass initApplication -->
  <testcase name="@BeforeMethod preCondition" time="0.0" classname="com.hrm.scripts.CreateEmployee">
    <skipped/>
  </testcase> <!-- @BeforeMethod preCondition -->
  <testcase name="@AfterMethod postCondition" time="0.0" classname="com.hrm.scripts.CreateEmployee">
    <skipped/>
  </testcase> <!-- @AfterMethod postCondition -->
  <testcase name="@AfterClass closeApplication" time="0.0" classname="com.hrm.scripts.CreateEmployee">
    <skipped/>
  </testcase> <!-- @AfterClass closeApplication -->
  <testcase name="testCreateEmployee" time="0.001" classname="com.hrm.scripts.CreateEmployee">
    <skipped/>
  </testcase> <!-- testCreateEmployee -->
</testsuite> <!-- Default test -->
